Deutsch;English
oder ;or
fernsehen ;to watch TV
von  bis ;from to
Dachboden ;loft
Onkel ;uncle
erst  bloß  nur ;only
Mutter ;mother
Familie ;family
Schlafzimmer ;bedroom
beobachten  ansehen  zuschauen ;to watch
eigene ;own
sehr ;very
in der Straße  auf der Straße ;in the street
Glücksbringer  Talisman ;lucky charm
Einzelkind ;only child
von ;of
schnell ;fast
Tasche  Tüte ;bag
spielen ;to play
Auto ;car
Bruder ;brother
Cousin Cousine ;cousin
Tag ;day
sammeln ;to collect
Keks ;biscuit
Wohnzimmer ;living room
zeichnen ;to draw
Sprache ;language
Kühlschrank ;fridge
nach draußen  draußen  außerhalb von ;outside
zuhören  anhören ;to listen
Tisch ;table
SMS  Kurznachricht ;text
wer  wem  wen ;who
gut ;good
einfach  leicht ;easy
Stufe  Schritt ;step
Modell  Tonmodell  Model ;model
zeigen ;to show
Herd ;cooker
mehr  weitere ;more
